-------------------------------------------------------------------------------
Test set: rules.ExecutionRuleTest
-------------------------------------------------------------------------------
Tests run: 2, Failures: 1, Errors: 0, Skipped: 0, Time elapsed: 122.663 sec <<< FAILURE! - in rules.ExecutionRuleTest
ruleWithClientContainer(rules.ExecutionRuleTest)  Time elapsed: 0.15 sec  <<< FAILURE!
java.lang.AssertionError: null
	at rules.ExecutionRuleTest.ruleWithClientContainer(ExecutionRuleTest.java:24)

