<?xml version="1.0" encoding="UTF-8"?>
<testsuite name="rules.ExecutionRuleTest" time="112.76" tests="2" errors="0" skipped="0" failures="1">
  <properties>
[...]
</properties>
  <testcase name="ruleWithClientContainer" classname="rules.ExecutionRuleTest" time="0.15">
    <failure type="java.lang.AssertionError:">java.lang.AssertionError: null
	at rules.ExecutionRuleTest.ruleWithClientContainer(ExecutionRuleTest.java:24)
</failure>
    <system-out><![CDATA[INFORMAZIONI [org.jboss.modules] JBoss Modules version 1.4.3.Final
INFO  [org.jboss.msc] JBoss MSC version 1.2.6.Final
INFO  [org.jboss.as] WFLYSRV0049: WildFly Full 9.0.1.Final (WildFly Core 1.0.1.Final) starting
INFO  [org.jboss.as.controller.management-deprecated] WFLYCTL0028: Attribute 'enabled' in the resource at address '/subsystem=datasources/data-source=ExampleDS' is deprecated, and may be removed in future version. See the attribute description in the output of the read-resource-description operation to learn more about the deprecation.
INFO  [org.jboss.as.controller.management-deprecated] WFLYCTL0028: Attribute 'job-repository-type' in the resource at address '/subsystem=batch' is deprecated, and may be removed in future version. See the attribute description in the output of the read-resource-description operation to learn more about the deprecation.
INFO  [org.jboss.as.server] WFLYSRV0039: Creating http management service using socket-binding (management-http)
INFO  [org.xnio] XNIO version 3.3.1.Final
INFO  [org.xnio.nio] XNIO NIO Implementation Version 3.3.1.Final
INFO  [org.jboss.remoting] JBoss Remoting version 4.0.9.Final
INFO  [org.jboss.as.clustering.infinispan] WFLYCLINF0001: Activating Infinispan subsystem.
INFO  [org.wildfly.extension.io] WFLYIO001: Worker 'default' has auto-configured to 8 core threads with 64 task threads based on your 4 available processors
INFO  [org.jboss.as.jsf] WFLYJSF0007: Activated the following JSF Implementations: [main]
INFO  [org.jboss.as.naming] WFLYNAM0001: Activating Naming Subsystem
INFO  [org.jboss.as.connector] WFLYJCA0009: Starting JCA Subsystem (IronJacamar 1.2.4.Final)
INFO  [org.jboss.as.connector.subsystems.datasources] WFLYJCA0004: Deploying JDBC-compliant driver class org.h2.Driver (version 1.3)
INFO  [org.jboss.as.security] WFLYSEC0002: Activating Security Subsystem
INFO  [org.jboss.as.naming] WFLYNAM0003: Starting Naming Service
WARN  [org.jboss.as.txn] WFLYTX0013: Node identifier property is set to the default value. Please make sure it is unique.
INFO  [org.jboss.as.mail.extension] WFLYMAIL0001: Bound mail session [java:jboss/mail/Default]
INFO  [org.jboss.as.security] WFLYSEC0001: Current PicketBox version=4.9.2.Final
INFO  [org.jboss.as.webservices] WFLYWS0002: Activating WebServices Extension
INFO  [org.jboss.as.connector.deployers.jdbc] WFLYJCA0018: Started Driver service with driver-name = h2
INFO  [org.wildfly.extension.undertow] WFLYUT0003: Undertow 1.2.9.Final starting
INFO  [org.wildfly.extension.undertow] WFLYUT0003: Undertow 1.2.9.Final starting
INFO  [org.wildfly.extension.undertow] WFLYUT0014: Creating file handler for path /Users/lucastancapiano/Sviluppo/src/workspace_greenarea/rules/target/wildfly-9.0.1.Final/welcome-content
INFO  [org.wildfly.extension.undertow] WFLYUT0012: Started server default-server.
INFO  [com.arjuna.ats.jbossatx] ARJUNA032010: JBossTS Recovery Service (tag: 4bf92) - JBoss Inc.
INFO  [org.wildfly.extension.undertow] WFLYUT0018: Host default-host starting
INFO  [com.arjuna.ats.arjuna] ARJUNA012324: Start RecoveryActivators
INFO  [org.wildfly.extension.undertow] WFLYUT0006: Undertow HTTP listener default listening on /127.0.0.1:8080
INFO  [com.arjuna.ats.arjuna] ARJUNA012343: RecoveryManagerImple is ready. Socket listener is turned off.
INFO  [com.arjuna.ats.arjuna] ARJUNA012296: ExpiredEntryMonitor running at gio, 24 set 2015 12:09:18
INFO  [com.arjuna.ats.jbossatx] ARJUNA032013: Starting transaction recovery manager
INFO  [com.arjuna.ats.jbossatx] ARJUNA032017: JBossTS Transaction Service (JTA version - tag: 4bf92) - JBoss Inc.
INFO  [org.jboss.as.connector.subsystems.datasources] WFLYJCA0001: Bound data source [java:jboss/datasources/ExampleDS]
INFO  [org.jboss.as.server.deployment.scanner] WFLYDS0013: Started FileSystemDeploymentService for directory /Users/lucastancapiano/Sviluppo/src/workspace_greenarea/rules/target/wildfly-9.0.1.Final/standalone/deployments
INFO  [org.jboss.ws.common.management] JBWS022052: Starting JBoss Web Services - Stack CXF Server 5.0.0.Final
INFO  [org.jboss.as] WFLYSRV0060: Http management interface listening on http://127.0.0.1:9990/management
INFO  [org.jboss.as] WFLYSRV0051: Admin console listening on http://127.0.0.1:9990
INFO  [org.jboss.as] WFLYSRV0025: WildFly Full 9.0.1.Final (WildFly Core 1.0.1.Final) started in 8039ms - Started 203 of 379 services (210 services are lazy, passive or on-demand)
]]></system-out>
  </testcase>
  <testcase name="ruleWithServerContainer" classname="rules.ExecutionRuleTest" time="112.61"/>
</testsuite>